2015-03-22 09:34:03.477 PassManager[1476:82436] DiskCookieStorage changing policy from 2 to 0, cookie file: file:///Users/chrisward/Library/Developer/CoreSimulator/Devices/93E7A8B2-AF4F-42F8-9D26-8F5F214D9164/data/Containers/Data/Application/3F5FBF44-A80C-4CD6-921A-F9FF8339CD74/Library/Cookies/Cookies.binarycookies
2015-03-22 09:34:03.731 PassManager[1476:82436] Apache Cordova native platform version 3.8.0 is starting.
2015-03-22 09:34:03.731 PassManager[1476:82436] Multi-tasking -> Device: YES, App: YES
2015-03-22 09:34:03.749 PassManager[1476:82436] Unlimited access to network resources
2015-03-22 09:34:03.758 PassManager[1476:82436] 

Started backup to iCloud! Please be careful.
Your application might be rejected by Apple if you store too much data.
For more information please read "iOS Data Storage Guidelines" at:
https://developer.apple.com/icloud/documentation/data-storage/
To disable web storage backup to iCloud, set the BackupWebStorage preference to "local" in the Cordova config.xml file

2015-03-22 09:34:04.447 PassManager[1476:82436] Resetting plugins due to page load.
2015-03-22 09:34:04.836 PassManager[1476:82436] Finished load of: file:///Users/chrisward/Library/Developer/CoreSimulator/Devices/93E7A8B2-AF4F-42F8-9D26-8F5F214D9164/data/Containers/Bundle/Application/31E1CE0E-E161-40A4-92DA-C17B7E12E229/PassManager.app/www/index.html
2015-03-22 09:41:00.003 PassManager[1684:93360] DiskCookieStorage changing policy from 2 to 0, cookie file: file:///Users/chrisward/Library/Developer/CoreSimulator/Devices/93E7A8B2-AF4F-42F8-9D26-8F5F214D9164/data/Containers/Data/Application/061F6FE4-967A-42B4-A420-D8C0FED1E46D/Library/Cookies/Cookies.binarycookies
2015-03-22 09:41:00.221 PassManager[1684:93360] Apache Cordova native platform version 3.8.0 is starting.
2015-03-22 09:41:00.222 PassManager[1684:93360] Multi-tasking -> Device: YES, App: YES
2015-03-22 09:41:00.233 PassManager[1684:93360] Unlimited access to network resources
2015-03-22 09:41:00.242 PassManager[1684:93360] 

Started backup to iCloud! Please be careful.
Your application might be rejected by Apple if you store too much data.
For more information please read "iOS Data Storage Guidelines" at:
https://developer.apple.com/icloud/documentation/data-storage/
To disable web storage backup to iCloud, set the BackupWebStorage preference to "local" in the Cordova config.xml file

2015-03-22 09:41:00.696 PassManager[1684:93360] Resetting plugins due to page load.
2015-03-22 09:41:00.983 PassManager[1684:93360] Finished load of: file:///Users/chrisward/Library/Developer/CoreSimulator/Devices/93E7A8B2-AF4F-42F8-9D26-8F5F214D9164/data/Containers/Bundle/Application/937A3D95-FB86-4C1B-8EB6-47802CAFBB58/PassManager.app/www/index.html
2015-03-22 09:41:12.472 PassManager[1684:93618] Terminating since there is no system app.
2015-03-22 09:57:11.446 PassManager[1911:116462] DiskCookieStorage changing policy from 2 to 0, cookie file: file:///Users/chrisward/Library/Developer/CoreSimulator/Devices/93E7A8B2-AF4F-42F8-9D26-8F5F214D9164/data/Containers/Data/Application/35480745-BACB-44A6-AD7F-A05F8C24C1B9/Library/Cookies/Cookies.binarycookies
2015-03-22 09:57:11.523 PassManager[1911:116462] Apache Cordova native platform version 3.8.0 is starting.
2015-03-22 09:57:11.524 PassManager[1911:116462] Multi-tasking -> Device: YES, App: YES
2015-03-22 09:57:11.525 PassManager[1911:116462] Unlimited access to network resources
2015-03-22 09:57:11.527 PassManager[1911:116462] 

Started backup to iCloud! Please be careful.
Your application might be rejected by Apple if you store too much data.
For more information please read "iOS Data Storage Guidelines" at:
https://developer.apple.com/icloud/documentation/data-storage/
To disable web storage backup to iCloud, set the BackupWebStorage preference to "local" in the Cordova config.xml file

2015-03-22 09:57:11.737 PassManager[1911:116462] Resetting plugins due to page load.
2015-03-22 09:57:11.912 PassManager[1911:116462] Finished load of: file:///Users/chrisward/Library/Developer/CoreSimulator/Devices/93E7A8B2-AF4F-42F8-9D26-8F5F214D9164/data/Containers/Bundle/Application/AE4E0DA1-E796-45F3-A364-3C4341C86497/PassManager.app/www/index.html
2015-03-22 10:04:00.995 PassManager[2104:128054] DiskCookieStorage changing policy from 2 to 0, cookie file: file:///Users/chrisward/Library/Developer/CoreSimulator/Devices/93E7A8B2-AF4F-42F8-9D26-8F5F214D9164/data/Containers/Data/Application/46875E9A-1E33-44E2-86A5-72E367890100/Library/Cookies/Cookies.binarycookies
2015-03-22 10:04:01.048 PassManager[2104:128054] Apache Cordova native platform version 3.8.0 is starting.
2015-03-22 10:04:01.049 PassManager[2104:128054] Multi-tasking -> Device: YES, App: YES
2015-03-22 10:04:01.050 PassManager[2104:128054] Unlimited access to network resources
2015-03-22 10:04:01.052 PassManager[2104:128054] 

Started backup to iCloud! Please be careful.
Your application might be rejected by Apple if you store too much data.
For more information please read "iOS Data Storage Guidelines" at:
https://developer.apple.com/icloud/documentation/data-storage/
To disable web storage backup to iCloud, set the BackupWebStorage preference to "local" in the Cordova config.xml file

2015-03-22 10:04:01.172 PassManager[2104:128054] Resetting plugins due to page load.
2015-03-22 10:04:01.333 PassManager[2104:128054] Finished load of: file:///Users/chrisward/Library/Developer/CoreSimulator/Devices/93E7A8B2-AF4F-42F8-9D26-8F5F214D9164/data/Containers/Bundle/Application/617C19BD-98E3-4C8B-BD32-2CD47C83E4A4/PassManager.app/www/index.html
2015-03-22 10:05:32.407 PassManager[2213:131056] DiskCookieStorage changing policy from 2 to 0, cookie file: file:///Users/chrisward/Library/Developer/CoreSimulator/Devices/93E7A8B2-AF4F-42F8-9D26-8F5F214D9164/data/Containers/Data/Application/F77EC801-E4D4-455A-AC05-C4048879DECA/Library/Cookies/Cookies.binarycookies
2015-03-22 10:05:32.485 PassManager[2213:131056] Apache Cordova native platform version 3.8.0 is starting.
2015-03-22 10:05:32.486 PassManager[2213:131056] Multi-tasking -> Device: YES, App: YES
2015-03-22 10:05:32.487 PassManager[2213:131056] Unlimited access to network resources
2015-03-22 10:05:32.489 PassManager[2213:131056] 

Started backup to iCloud! Please be careful.
Your application might be rejected by Apple if you store too much data.
For more information please read "iOS Data Storage Guidelines" at:
https://developer.apple.com/icloud/documentation/data-storage/
To disable web storage backup to iCloud, set the BackupWebStorage preference to "local" in the Cordova config.xml file

2015-03-22 10:05:32.582 PassManager[2213:131056] Resetting plugins due to page load.
2015-03-22 10:05:32.710 PassManager[2213:131056] Received Event: deviceready
2015-03-22 10:05:32.729 PassManager[2213:131056] Finished load of: file:///Users/chrisward/Library/Developer/CoreSimulator/Devices/93E7A8B2-AF4F-42F8-9D26-8F5F214D9164/data/Containers/Bundle/Application/4E196F52-D520-4B30-A8D7-440C16746980/PassManager.app/www/index.html
2015-03-22 10:10:07.181 PassManager[2213:138978] Terminating since there is no system app.
